  Shader.cpp
  Source.cpp
  Sprite.cpp
C:\Users\julia\source\repos\PGM4\PG2024-1\Implementação - Sprites\Sprites\Sprite.cpp(118,14): warning C4244: '=': conversão de 'int' para 'T', possível perda de dados
C:\Users\julia\source\repos\PGM4\PG2024-1\Implementação - Sprites\Sprites\Sprite.cpp(118,14): warning C4244:         with
C:\Users\julia\source\repos\PGM4\PG2024-1\Implementação - Sprites\Sprites\Sprite.cpp(118,14): warning C4244:         [
C:\Users\julia\source\repos\PGM4\PG2024-1\Implementação - Sprites\Sprites\Sprite.cpp(118,14): warning C4244:             T=float
C:\Users\julia\source\repos\PGM4\PG2024-1\Implementação - Sprites\Sprites\Sprite.cpp(118,14): warning C4244:         ]
  Gerando Código...
  glad.c
Source.obj : error LNK2019: símbolo externo não resolvido, glfwInit, referenciado na função main
Source.obj : error LNK2019: símbolo externo não resolvido, glfwTerminate, referenciado na função main
Source.obj : error LNK2019: símbolo externo não resolvido, glfwCreateWindow, referenciado na função main
Source.obj : error LNK2019: símbolo externo não resolvido, glfwWindowShouldClose, referenciado na função main
Source.obj : error LNK2019: símbolo externo não resolvido, glfwSetWindowShouldClose, referenciado na função "void __cdecl key_callback(struct GLFWwindow *,int,int,int,int)" (?key_callback@@YAXPEAUGLFWwindow@@HHHH@Z)
Source.obj : error LNK2019: símbolo externo não resolvido, glfwGetFramebufferSize, referenciado na função main
Source.obj : error LNK2019: símbolo externo não resolvido, glfwPollEvents, referenciado na função main
Source.obj : error LNK2019: símbolo externo não resolvido, glfwSetKeyCallback, referenciado na função main
Source.obj : error LNK2019: símbolo externo não resolvido, glfwGetTime, referenciado na função main
Source.obj : error LNK2019: símbolo externo não resolvido, glfwMakeContextCurrent, referenciado na função main
Source.obj : error LNK2019: símbolo externo não resolvido, glfwSwapBuffers, referenciado na função main
Source.obj : error LNK2019: símbolo externo não resolvido, glfwGetProcAddress, referenciado na função main
..\..\Dependencies\glfw-3.4.bin.WIN32\lib-vc2019\glfw3.lib : warning LNK4272: o tipo de máquina da biblioteca 'x86' está em conflito com o tipo de máquina de destino 'x64'
C:\Users\julia\source\repos\PGM4\PG2024-1\Implementação - Sprites\x64\Debug\Sprite.exe : fatal error LNK1120: 12 externo não resolvidos
